<?xml version="1.0" encoding="UTF-8"?>
<testsuite name="com.safetynet.ExampleUnitTest" tests="1" skipped="0" failures="0" errors="0" timestamp="2023-12-05T09:39:00" hostname="MacOss-Mac-mini-250.local" time="0.001">
  <properties/>
  <testcase name="addition_isCorrect" classname="com.safetynet.ExampleUnitTest" time="0.001"/>
  <system-out><![CDATA[]]></system-out>
  <system-err><![CDATA[]]></system-err>
</testsuite>
