<?xml version="1.0" encoding="UTF-8"?>
<testsuite name="com.safetynet.integritycheck.ExampleUnitTest" tests="1" skipped="0" failures="0" errors="0" timestamp="2023-11-25T04:03:09" hostname="MacOss-Mac-mini-250.local" time="0.002">
  <properties/>
  <testcase name="addition_isCorrect" classname="com.safetynet.integritycheck.ExampleUnitTest" time="0.002"/>
  <system-out><![CDATA[]]></system-out>
  <system-err><![CDATA[]]></system-err>
</testsuite>
